[ 2023-10-30 16:08:11,248 ] 22 root - INFO - dataset is successfully taken
[ 2023-10-30 16:08:11,256 ] 24 root - INFO - train test split is completed
[ 2023-10-30 16:08:11,256 ] 25 root - INFO - saving dataset
[ 2023-10-30 16:08:11,320 ] 29 root - INFO - dataset successfully saved
[ 2023-10-30 16:08:11,384 ] 26 root - INFO - preprocessing of categorical data and numerical data is done
[ 2023-10-30 16:08:11,392 ] 40 root - INFO - TRANSFORMATION STARTED
[ 2023-10-30 16:08:11,424 ] 43 root - INFO - (1041, 43)
[ 2023-10-30 16:08:11,424 ] 44 root - INFO - (1041,)
[ 2023-10-30 16:08:11,424 ] 45 root - INFO - 0       18324.8800
1       38141.3200
2       41497.3300
3       42073.1787
4       84113.3300
           ...    
1036    42562.7300
1037    33506.8300
1038    42935.0873
1039    45314.6582
1040    25516.3300
Name: Price, Length: 1041, dtype: float64
[ 2023-10-30 16:08:11,432 ] 46 root - INFO - TRANSFORAMTION DONE
[ 2023-10-30 16:08:11,432 ] 52 root - INFO - ERROR OCCURED DURING INITIATION OF DATA TRANSFORAMTION
