[ 2023-10-30 16:19:31,756 ] 22 root - INFO - dataset is successfully taken
[ 2023-10-30 16:19:31,756 ] 24 root - INFO - train test split is completed
[ 2023-10-30 16:19:31,756 ] 25 root - INFO - saving dataset
[ 2023-10-30 16:19:31,802 ] 29 root - INFO - dataset successfully saved
[ 2023-10-30 16:19:31,865 ] 26 root - INFO - preprocessing of categorical data and numerical data is done
[ 2023-10-30 16:19:31,865 ] 42 root - INFO - TRANSFORMATION STARTED
[ 2023-10-30 16:19:31,912 ] 45 root - INFO - TRANSFORAMTION DONE
[ 2023-10-30 16:19:31,912 ] 48 root - INFO - [[18324.88  ]
 [38141.32  ]
 [41497.33  ]
 ...
 [42935.0873]
 [45314.6582]
 [25516.33  ]]
[ 2023-10-30 16:19:31,912 ] 49 root - INFO -   (0, 2)	1.0
  (0, 22)	1.0
  (0, 29)	1.0
  (0, 31)	1.0
  (0, 35)	1.0
  (0, 36)	-0.8542842121517233
  (0, 37)	-0.04943436862287527
  (0, 38)	-0.41508709603804517
  (0, 39)	-0.6347952107323537
  (0, 40)	-0.13170289864657775
  (0, 41)	1.1578012432692006
  (0, 42)	-0.9954472476255866
  (1, 7)	1.0
  (1, 22)	1.0
  (1, 26)	1.0
  (1, 32)	1.0
  (1, 35)	1.0
  (1, 36)	-0.09354010192935878
  (1, 37)	0.09854037829725304
  (1, 38)	-0.41508709603804517
  (1, 39)	1.5753111918508576
  (1, 40)	-0.13170289864657775
  (1, 41)	1.1578012432692006
  (1, 42)	-0.9954472476255866
  (2, 7)	1.0
  :	:
  (1038, 42)	-0.9954472476255866
  (1039, 10)	1.0
  (1039, 22)	1.0
  (1039, 27)	1.0
  (1039, 31)	1.0
  (1039, 35)	1.0
  (1039, 36)	-0.09354010192935878
  (1039, 37)	0.394489872137509
  (1039, 38)	-0.41508709603804517
  (1039, 39)	1.5753111918508576
  (1039, 40)	-0.13170289864657775
  (1039, 41)	1.1578012432692006
  (1039, 42)	-0.9954472476255866
  (1040, 10)	1.0
  (1040, 19)	1.0
  (1040, 29)	1.0
  (1040, 31)	1.0
  (1040, 35)	1.0
  (1040, 36)	-0.8542842121517233
  (1040, 37)	-1.9879035532765545
  (1040, 38)	2.4091329495541443
  (1040, 39)	1.5753111918508576
  (1040, 40)	1.6934840367091764
  (1040, 41)	-0.8072933115343958
  (1040, 42)	-0.9954472476255866
[ 2023-10-30 16:19:31,912 ] 55 root - INFO - ERROR OCCURED DURING INITIATION OF DATA TRANSFORAMTION
